<?xml version="1.0" encoding="UTF-8"?>
<testng-results ignored="0" total="1" passed="1" failed="0" skipped="0">
  <reporter-output>
  </reporter-output>
  <suite started-at="2022-01-21T06:21:21Z" name="Default suite" finished-at="2022-01-21T06:22:18Z" duration-ms="56802">
    <groups>
    </groups>
    <test started-at="2022-01-21T06:21:21Z" name="Default test" finished-at="2022-01-21T06:22:18Z" duration-ms="56802">
      <class name="hybridAppDemo.tapDemo">
        <test-method is-config="true" signature="beforeTest()[pri:0, instance:hybridAppDemo.tapDemo@5082d622]" started-at="2022-01-21T11:51:21Z" name="beforeTest" finished-at="2022-01-21T11:52:00Z" duration-ms="38963" status="PASS">
          <reporter-output>
          </reporter-output>
        </test-method> <!-- beforeTest -->
        <test-method signature="f()[pri:0, instance:hybridAppDemo.tapDemo@5082d622]" started-at="2022-01-21T11:52:00Z" name="f" finished-at="2022-01-21T11:52:14Z" duration-ms="13291" status="PASS">
          <reporter-output>
          </reporter-output>
        </test-method> <!-- f -->
        <test-method is-config="true" signature="afterTest()[pri:0, instance:hybridAppDemo.tapDemo@5082d622]" started-at="2022-01-21T11:52:14Z" name="afterTest" finished-at="2022-01-21T11:52:18Z" duration-ms="4524" status="PASS">
          <reporter-output>
          </reporter-output>
        </test-method> <!-- afterTest -->
      </class> <!-- hybridAppDemo.tapDemo -->
    </test> <!-- Default test -->
  </suite> <!-- Default suite -->
</testng-results>
