<?xml version="1.0" encoding="UTF-8"?>
<testng-results ignored="0" total="1" passed="1" failed="0" skipped="0">
  <reporter-output>
  </reporter-output>
  <suite started-at="2022-01-24T05:43:35Z" name="Default suite" finished-at="2022-01-24T05:44:19Z" duration-ms="44096">
    <groups>
    </groups>
    <test started-at="2022-01-24T05:43:35Z" name="Default test" finished-at="2022-01-24T05:44:19Z" duration-ms="44096">
      <class name="hybridAppDemo.demoScreenshot">
        <test-method is-config="true" signature="beforeTest()[pri:0, instance:hybridAppDemo.demoScreenshot@1a72a540]" started-at="2022-01-24T11:13:35Z" name="beforeTest" finished-at="2022-01-24T11:14:12Z" duration-ms="36906" status="PASS">
          <reporter-output>
          </reporter-output>
        </test-method> <!-- beforeTest -->
        <test-method signature="f()[pri:0, instance:hybridAppDemo.demoScreenshot@1a72a540]" started-at="2022-01-24T11:14:12Z" name="f" finished-at="2022-01-24T11:14:15Z" duration-ms="2620" status="PASS">
          <reporter-output>
          </reporter-output>
        </test-method> <!-- f -->
        <test-method is-config="true" signature="afterTest()[pri:0, instance:hybridAppDemo.demoScreenshot@1a72a540]" started-at="2022-01-24T11:14:15Z" name="afterTest" finished-at="2022-01-24T11:14:19Z" duration-ms="4551" status="PASS">
          <reporter-output>
          </reporter-output>
        </test-method> <!-- afterTest -->
      </class> <!-- hybridAppDemo.demoScreenshot -->
    </test> <!-- Default test -->
  </suite> <!-- Default suite -->
</testng-results>
